[2025-08-21 15:01:11] Loaded layers: ZP2, ZP3, ZM2, ZM3
[2025-08-21 15:01:11] Some layers failed to load (see 'Layer Errors' tab).
[2025-08-21 15:01:11] Ready.
[2025-08-21 15:02:04] Loaded layers: ZP2, ZP3, ZM2, ZM3
[2025-08-21 15:02:04] Some layers failed to load (see 'Layer Errors' tab).
[2025-08-21 15:02:04] Workspace opened: C:/Users/acc/Desktop/LightSpeed/Launcher/workspaces/default_workspace.json
[2025-08-21 15:02:20] Loaded layers: ZP2, ZP3, ZM2, ZM3
[2025-08-21 15:02:20] Some layers failed to load (see 'Layer Errors' tab).
[2025-08-21 15:02:20] Ready.
[2025-08-21 15:02:53] Workspace saved: C:/Users/acc/Desktop/LightSpeed/Launcher/workspaces/Interplanetary Supply Chain System.json
[2025-08-21 15:03:05] Loaded layers: ZP2, ZP3, ZM2, ZM3
[2025-08-21 15:03:05] Some layers failed to load (see 'Layer Errors' tab).
[2025-08-21 15:03:05] Workspace opened: C:/Users/acc/Desktop/LightSpeed/Launcher/workspaces/Interplanetary Supply Chain System.json
[2025-08-21 15:03:34] Imported: Dashboard B.jpg
[2025-08-21 15:03:47] Loaded layers: ZP2, ZP3, ZM2, ZM3
[2025-08-21 15:03:47] Some layers failed to load (see 'Layer Errors' tab).
[2025-08-21 15:05:19] API added: Attempt 1 @ https://romer.industries/emassc (key: $ROMER_API_KEY)
[2025-08-21 15:07:11] Loaded layers: ZP2, ZP3, ZM2, ZM3
[2025-08-21 15:07:11] Some layers failed to load (see 'Layer Errors' tab).
[2025-08-21 15:07:11] Ready.
